<?xml version="1.0" encoding="UTF-8"?>
<!-- Generated by org.testng.reporters.JUnitXMLReporter -->
<testsuite ignored="0" hostname="DialkiPC" failures="0" tests="20" name="Surefire test" time="0.084" errors="0" timestamp="2025-04-28T10:21:21 CST">
  <testcase classname="com.borkacle.bank.tests.BankAccountDataDrivenTest" name="testDepositWithData" time="0.0"/>
  <testcase classname="com.borkacle.bank.tests.BankAccountDataDrivenTest" name="testDepositWithData" time="0.0"/>
  <testcase classname="com.borkacle.bank.tests.BankAccountDataDrivenTest" name="testDepositWithData" time="0.0"/>
  <testcase classname="com.borkacle.bank.tests.BankAccountDataDrivenTest" name="testWithdrawalWithData" time="0.0"/>
  <testcase classname="com.borkacle.bank.tests.BankAccountDataDrivenTest" name="testWithdrawalWithData" time="0.0"/>
  <testcase classname="com.borkacle.bank.tests.BankAccountDataDrivenTest" name="testWithdrawalWithData" time="0.0"/>
  <testcase classname="com.borkacle.bank.tests.BankAccountDependencyTest" name="testInitialDeposit" time="0.0"/>
  <testcase classname="com.borkacle.bank.tests.BankAccountDependencyTest" name="testDependentWithdrawal" time="0.0"/>
  <testcase classname="com.borkacle.bank.tests.BankAccountExceptionTest" name="testInsufficientFunds" time="0.0"/>
  <testcase classname="com.borkacle.bank.tests.BankAccountExceptionTest" name="testNegativeDeposit" time="0.0"/>
  <testcase classname="com.borkacle.bank.tests.BankAccountExceptionTest" name="testNegativeWithdrawal" time="0.0"/>
  <testcase classname="com.borkacle.bank.tests.BankAccountGroupTest" name="testInvalidDeposit" time="0.0"/>
  <testcase classname="com.borkacle.bank.tests.BankAccountGroupTest" name="testInvalidWithdrawal" time="0.0"/>
  <testcase classname="com.borkacle.bank.tests.BankAccountGroupTest" name="testValidDeposit" time="0.0"/>
  <testcase classname="com.borkacle.bank.tests.BankAccountGroupTest" name="testValidWithdrawal" time="0.0"/>
  <testcase classname="com.borkacle.bank.tests.BankAccountLifecycleTest" name="testDepositInSharedAccount" time="0.0"/>
  <testcase classname="com.borkacle.bank.tests.BankAccountLifecycleTest" name="testWithdrawalFromSharedAccount" time="0.0"/>
  <testcase classname="com.borkacle.bank.tests.BankAccountTest" name="testDeposit" time="0.0"/>
  <testcase classname="com.borkacle.bank.tests.BankAccountTest" name="testInitialBalance" time="0.0"/>
  <testcase classname="com.borkacle.bank.tests.BankAccountTest" name="testWithdrawal" time="0.002"/>
</testsuite> <!-- Surefire test -->
