<?xml version="1.0" encoding="UTF-8"?>
<!-- Generated by org.testng.reporters.JUnitXMLReporter -->
<testsuite ignored="0" hostname="DialkiPC" failures="0" tests="6" name="Surefire test" time="0.033" errors="0" timestamp="2025-04-28T08:40:34 CST">
  <testcase classname="com.borkacle.bank.tests.BankAccountDataDrivenTest" name="testDepositWithData" time="0.0"/>
  <testcase classname="com.borkacle.bank.tests.BankAccountDataDrivenTest" name="testDepositWithData" time="0.0"/>
  <testcase classname="com.borkacle.bank.tests.BankAccountDataDrivenTest" name="testDepositWithData" time="0.0"/>
  <testcase classname="com.borkacle.bank.tests.BankAccountDataDrivenTest" name="testWithdrawalWithData" time="0.0"/>
  <testcase classname="com.borkacle.bank.tests.BankAccountDataDrivenTest" name="testWithdrawalWithData" time="0.0"/>
  <testcase classname="com.borkacle.bank.tests.BankAccountDataDrivenTest" name="testWithdrawalWithData" time="0.0"/>
</testsuite> <!-- Surefire test -->
