<?xml version="1.0" encoding="UTF-8"?>
<testsuite xmlns:xsi="http://www.w3.org/2001/XMLSchema-instance" xsi:noNamespaceSchemaLocation="https://maven.apache.org/surefire/maven-surefire-plugin/xsd/surefire-test-report-3.0.xsd" version="3.0" name="TestSuite" time="0.655" tests="20" errors="0" skipped="0" failures="0">
  <properties>
[...]
</properties>
  <testcase name="testDepositWithData[50.0, 250.0](1)" classname="com.borkacle.bank.tests.BankAccountDataDrivenTest" time="0.009"/>
  <testcase name="testDepositWithData[100.0, 300.0](2)" classname="com.borkacle.bank.tests.BankAccountDataDrivenTest" time="0.0"/>
  <testcase name="testDepositWithData[0.01, 200.01](3)" classname="com.borkacle.bank.tests.BankAccountDataDrivenTest" time="0.0"/>
  <testcase name="testWithdrawalWithData[50.0, 150.0](1)" classname="com.borkacle.bank.tests.BankAccountDataDrivenTest" time="0.0"/>
  <testcase name="testWithdrawalWithData[100.0, 100.0](2)" classname="com.borkacle.bank.tests.BankAccountDataDrivenTest" time="0.0"/>
  <testcase name="testWithdrawalWithData[199.99, 0.01](3)" classname="com.borkacle.bank.tests.BankAccountDataDrivenTest" time="0.0"/>
  <testcase name="testInitialDeposit" classname="com.borkacle.bank.tests.BankAccountDependencyTest" time="0.0"/>
  <testcase name="testDependentWithdrawal" classname="com.borkacle.bank.tests.BankAccountDependencyTest" time="0.0"/>
  <testcase name="testInsufficientFunds" classname="com.borkacle.bank.tests.BankAccountExceptionTest" time="0.0"/>
  <testcase name="testNegativeDeposit" classname="com.borkacle.bank.tests.BankAccountExceptionTest" time="0.0"/>
  <testcase name="testNegativeWithdrawal" classname="com.borkacle.bank.tests.BankAccountExceptionTest" time="0.0"/>
  <testcase name="testInvalidDeposit" classname="com.borkacle.bank.tests.BankAccountGroupTest" time="0.0"/>
  <testcase name="testInvalidWithdrawal" classname="com.borkacle.bank.tests.BankAccountGroupTest" time="0.016"/>
  <testcase name="testValidDeposit" classname="com.borkacle.bank.tests.BankAccountGroupTest" time="0.0"/>
  <testcase name="testValidWithdrawal" classname="com.borkacle.bank.tests.BankAccountGroupTest" time="0.0"/>
  <testcase name="testDepositInSharedAccount" classname="com.borkacle.bank.tests.BankAccountLifecycleTest" time="0.0">
    <system-out><![CDATA[Cuenta de prueba creada con saldo inicial: 500
]]></system-out>
  </testcase>
  <testcase name="testWithdrawalFromSharedAccount" classname="com.borkacle.bank.tests.BankAccountLifecycleTest" time="0.0"/>
  <testcase name="testDeposit" classname="com.borkacle.bank.tests.BankAccountTest" time="0.0">
    <system-out><![CDATA[Saldo final de la cuenta: 400.0
]]></system-out>
  </testcase>
  <testcase name="testInitialBalance" classname="com.borkacle.bank.tests.BankAccountTest" time="0.0"/>
  <testcase name="testWithdrawal" classname="com.borkacle.bank.tests.BankAccountTest" time="0.0"/>
</testsuite>